# JRE version: Java(TM) SE Runtime Environment (7.0_51-b13) (build 1.7.0_51-b13)
# Java VM: Java HotSpot(TM) 64-Bit Server VM (24.51-b03 mixed mode linux-amd64 compressed oops)
Heap
 def new generation   total 9664K, used 461K [0x00000000db800000, 0x00000000dc270000, 0x00000000e5f50000)
  eden space 8640K,   5% used [0x00000000db800000, 0x00000000db873640, 0x00000000dc070000)
  from space 1024K,   0% used [0x00000000dc070000, 0x00000000dc070000, 0x00000000dc170000)
  to   space 1024K,   0% used [0x00000000dc170000, 0x00000000dc170000, 0x00000000dc270000)
 tenured generation   total 21760K, used 21759K [0x00000000e5f50000, 0x00000000e7490000, 0x00000000fae00000)
   the space 21760K,  99% used [0x00000000e5f50000, 0x00000000e748ffe0, 0x00000000e7490000, 0x00000000e7490000)
 compacting perm gen  total 21248K, used 21213K [0x00000000fae00000, 0x00000000fc2c0000, 0x0000000100000000)
   the space 21248K,  99% used [0x00000000fae00000, 0x00000000fc2b74a8, 0x00000000fc2b7600, 0x00000000fc2c0000)
GC Heap History (10 events):
Event: 15,457 GC heap after
Heap after GC invocations=27 (full 0):
 def new generation   total 9664K, used 1023K [0x00000000db800000, 0x00000000dc270000, 0x00000000e5f50000)
  eden space 8640K,   0% used [0x00000000db800000, 0x00000000db800000, 0x00000000dc070000)
  from space 1024K,  99% used [0x00000000dc170000, 0x00000000dc26fef0, 0x00000000dc270000)
  to   space 1024K,   0% used [0x00000000dc070000, 0x00000000dc070000, 0x00000000dc170000)
 tenured generation   total 21376K, used 20005K [0x00000000e5f50000, 0x00000000e7430000, 0x00000000fae00000)
   the space 21376K,  93% used [0x00000000e5f50000, 0x00000000e72d9470, 0x00000000e72d9600, 0x00000000e7430000)
 compacting perm gen  total 21248K, used 18995K [0x00000000fae00000, 0x00000000fc2c0000, 0x0000000100000000)
   the space 21248K,  89% used [0x00000000fae00000, 0x00000000fc08cd88, 0x00000000fc08ce00, 0x00000000fc2c0000)
No shared spaces configured.
}
Event: 16,029 GC heap before
{Heap before GC invocations=27 (full 0):
 def new generation   total 9664K, used 9663K [0x00000000db800000, 0x00000000dc270000, 0x00000000e5f50000)
  eden space 8640K, 100% used [0x00000000db800000, 0x00000000dc070000, 0x00000000dc070000)
  from space 1024K,  99% used [0x00000000dc170000, 0x00000000dc26fef0, 0x00000000dc270000)
  to   space 1024K,   0% used [0x00000000dc070000, 0x00000000dc070000, 0x00000000dc170000)
 tenured generation   total 21376K, used 20005K [0x00000000e5f50000, 0x00000000e7430000, 0x00000000fae00000)
   the space 21376K,  93% used [0x00000000e5f50000, 0x00000000e72d9470, 0x00000000e72d9600, 0x00000000e7430000)
 compacting perm gen  total 21248K, used 19173K [0x00000000fae00000, 0x00000000fc2c0000, 0x0000000100000000)
   the space 21248K,  90% used [0x00000000fae00000, 0x00000000fc0b95e8, 0x00000000fc0b9600, 0x00000000fc2c0000)
No shared spaces configured.
Event: 16,053 GC heap after
Heap after GC invocations=28 (full 0):
 def new generation   total 9664K, used 368K [0x00000000db800000, 0x00000000dc270000, 0x00000000e5f50000)
  eden space 8640K,   0% used [0x00000000db800000, 0x00000000db800000, 0x00000000dc070000)
  from space 1024K,  36% used [0x00000000dc070000, 0x00000000dc0cc2b0, 0x00000000dc170000)
  to   space 1024K,   0% used [0x00000000dc170000, 0x00000000dc170000, 0x00000000dc270000)
 tenured generation   total 21376K, used 20936K [0x00000000e5f50000, 0x00000000e7430000, 0x00000000fae00000)
   the space 21376K,  97% used [0x00000000e5f50000, 0x00000000e73c22a8, 0x00000000e73c2400, 0x00000000e7430000)
 compacting perm gen  total 21248K, used 19173K [0x00000000fae00000, 0x00000000fc2c0000, 0x0000000100000000)
   the space 21248K,  90% used [0x00000000fae00000, 0x00000000fc0b95e8, 0x00000000fc0b9600, 0x00000000fc2c0000)
No shared spaces configured.
}
Event: 17,114 GC heap before
{Heap before GC invocations=28 (full 0):
 def new generation   total 9664K, used 9008K [0x00000000db800000, 0x00000000dc270000, 0x00000000e5f50000)
  eden space 8640K, 100% used [0x00000000db800000, 0x00000000dc070000, 0x00000000dc070000)
  from space 1024K,  36% used [0x00000000dc070000, 0x00000000dc0cc2b0, 0x00000000dc170000)
  to   space 1024K,   0% used [0x00000000dc170000, 0x00000000dc170000, 0x00000000dc270000)
 tenured generation   total 21376K, used 20936K [0x00000000e5f50000, 0x00000000e7430000, 0x00000000fae00000)
   the space 21376K,  97% used [0x00000000e5f50000, 0x00000000e73c22a8, 0x00000000e73c2400, 0x00000000e7430000)
 compacting perm gen  total 21248K, used 19727K [0x00000000fae00000, 0x00000000fc2c0000, 0x0000000100000000)
   the space 21248K,  92% used [0x00000000fae00000, 0x00000000fc143e28, 0x00000000fc144000, 0x00000000fc2c0000)
No shared spaces configured.
Event: 17,119 GC heap after
Heap after GC invocations=29 (full 0):
 def new generation   total 9664K, used 765K [0x00000000db800000, 0x00000000dc270000, 0x00000000e5f50000)
  eden space 8640K,   0% used [0x00000000db800000, 0x00000000db800000, 0x00000000dc070000)
  from space 1024K,  74% used [0x00000000dc170000, 0x00000000dc22f5e0, 0x00000000dc270000)
  to   space 1024K,   0% used [0x00000000dc070000, 0x00000000dc070000, 0x00000000dc170000)
 tenured generation   total 21376K, used 20936K [0x00000000e5f50000, 0x00000000e7430000, 0x00000000fae00000)
   the space 21376K,  97% used [0x00000000e5f50000, 0x00000000e73c22a8, 0x00000000e73c2400, 0x00000000e7430000)
 compacting perm gen  total 21248K, used 19727K [0x00000000fae00000, 0x00000000fc2c0000, 0x0000000100000000)
   the space 21248K,  92% used [0x00000000fae00000, 0x00000000fc143e28, 0x00000000fc144000, 0x00000000fc2c0000)
No shared spaces configured.
}
Event: 17,698 GC heap before
{Heap before GC invocations=29 (full 0):
 def new generation   total 9664K, used 9405K [0x00000000db800000, 0x00000000dc270000, 0x00000000e5f50000)
  eden space 8640K, 100% used [0x00000000db800000, 0x00000000dc070000, 0x00000000dc070000)
  from space 1024K,  74% used [0x00000000dc170000, 0x00000000dc22f5e0, 0x00000000dc270000)
  to   space 1024K,   0% used [0x00000000dc070000, 0x00000000dc070000, 0x00000000dc170000)
 tenured generation   total 21376K, used 20936K [0x00000000e5f50000, 0x00000000e7430000, 0x00000000fae00000)
   the space 21376K,  97% used [0x00000000e5f50000, 0x00000000e73c22a8, 0x00000000e73c2400, 0x00000000e7430000)
 compacting perm gen  total 21248K, used 20176K [0x00000000fae00000, 0x00000000fc2c0000, 0x0000000100000000)
   the space 21248K,  94% used [0x00000000fae00000, 0x00000000fc1b4138, 0x00000000fc1b4200, 0x00000000fc2c0000)
No shared spaces configured.
Event: 17,705 GC heap after
Heap after GC invocations=30 (full 0):
 def new generation   total 9664K, used 558K [0x00000000db800000, 0x00000000dc270000, 0x00000000e5f50000)
  eden space 8640K,   0% used [0x00000000db800000, 0x00000000db800000, 0x00000000dc070000)
  from space 1024K,  54% used [0x00000000dc070000, 0x00000000dc0fb9b0, 0x00000000dc170000)
  to   space 1024K,   0% used [0x00000000dc170000, 0x00000000dc170000, 0x00000000dc270000)
 tenured generation   total 21376K, used 21207K [0x00000000e5f50000, 0x00000000e7430000, 0x00000000fae00000)
   the space 21376K,  99% used [0x00000000e5f50000, 0x00000000e7405c60, 0x00000000e7405e00, 0x00000000e7430000)
 compacting perm gen  total 21248K, used 20176K [0x00000000fae00000, 0x00000000fc2c0000, 0x0000000100000000)
   the space 21248K,  94% used [0x00000000fae00000, 0x00000000fc1b4138, 0x00000000fc1b4200, 0x00000000fc2c0000)
No shared spaces configured.
}
Event: 18,509 GC heap before
{Heap before GC invocations=30 (full 0):
 def new generation   total 9664K, used 9198K [0x00000000db800000, 0x00000000dc270000, 0x00000000e5f50000)
  eden space 8640K, 100% used [0x00000000db800000, 0x00000000dc070000, 0x00000000dc070000)
  from space 1024K,  54% used [0x00000000dc070000, 0x00000000dc0fb9b0, 0x00000000dc170000)
  to   space 1024K,   0% used [0x00000000dc170000, 0x00000000dc170000, 0x00000000dc270000)
 tenured generation   total 21376K, used 21207K [0x00000000e5f50000, 0x00000000e7430000, 0x00000000fae00000)
   the space 21376K,  99% used [0x00000000e5f50000, 0x00000000e7405c60, 0x00000000e7405e00, 0x00000000e7430000)
 compacting perm gen  total 21248K, used 20712K [0x00000000fae00000, 0x00000000fc2c0000, 0x0000000100000000)
   the space 21248K,  97% used [0x00000000fae00000, 0x00000000fc23a1e0, 0x00000000fc23a200, 0x00000000fc2c0000)
No shared spaces configured.
Event: 18,523 GC heap after
Heap after GC invocations=31 (full 0):
 def new generation   total 9664K, used 797K [0x00000000db800000, 0x00000000dc270000, 0x00000000e5f50000)
  eden space 8640K,   0% used [0x00000000db800000, 0x00000000db800000, 0x00000000dc070000)
  from space 1024K,  77% used [0x00000000dc170000, 0x00000000dc2376a0, 0x00000000dc270000)
  to   space 1024K,   0% used [0x00000000dc070000, 0x00000000dc070000, 0x00000000dc170000)
 tenured generation   total 21376K, used 21364K [0x00000000e5f50000, 0x00000000e7430000, 0x00000000fae00000)
   the space 21376K,  99% used [0x00000000e5f50000, 0x00000000e742d1b0, 0x00000000e742d200, 0x00000000e7430000)
 compacting perm gen  total 21248K, used 20712K [0x00000000fae00000, 0x00000000fc2c0000, 0x0000000100000000)
   the space 21248K,  97% used [0x00000000fae00000, 0x00000000fc23a1e0, 0x00000000fc23a200, 0x00000000fc2c0000)
No shared spaces configured.
}
Event: 20,661 GC heap before
{Heap before GC invocations=31 (full 0):
 def new generation   total 9664K, used 9437K [0x00000000db800000, 0x00000000dc270000, 0x00000000e5f50000)
  eden space 8640K, 100% used [0x00000000db800000, 0x00000000dc070000, 0x00000000dc070000)
  from space 1024K,  77% used [0x00000000dc170000, 0x00000000dc2376a0, 0x00000000dc270000)
  to   space 1024K,   0% used [0x00000000dc070000, 0x00000000dc070000, 0x00000000dc170000)
 tenured generation   total 21376K, used 21364K [0x00000000e5f50000, 0x00000000e7430000, 0x00000000fae00000)
   the space 21376K,  99% used [0x00000000e5f50000, 0x00000000e742d1b0, 0x00000000e742d200, 0x00000000e7430000)
 compacting perm gen  total 21248K, used 21213K [0x00000000fae00000, 0x00000000fc2c0000, 0x0000000100000000)
   the space 21248K,  99% used [0x00000000fae00000, 0x00000000fc2b74a8, 0x00000000fc2b7600, 0x00000000fc2c0000)
No shared spaces configured.

